# JRE version: OpenJDK Runtime Environment (21.0.6) (build 21.0.6+-13391695-b895.109)
# Java VM: OpenJDK 64-Bit Server VM (21.0.6+-13391695-b895.109, mixed mode, tiered, compressed oops, compressed class ptrs, g1 gc, windows-amd64)
GC Precious Log:
 CardTable entry size: 512
 Card Set container configuration: InlinePtr #cards 5 size 8 Array Of Cards #cards 12 size 40 Howl #buckets 4 coarsen threshold 1843 Howl Bitmap #cards 512 size 80 coarsen threshold 460 Card regions per heap region 1 cards per card region 2048
 CPUs: 12 total, 12 available
 Memory: 7549M
 Large Page Support: Disabled
 NUMA Support: Disabled
 Compressed Oops: Enabled (32-bit)
 Heap Region Size: 1M
 Heap Min Capacity: 8M
 Heap Initial Capacity: 118M
 Heap Max Capacity: 2G
 Pre-touch: Disabled
 Parallel Workers: 10
 Concurrent Workers: 3
 Concurrent Refinement Workers: 10
 Periodic GC: Disabled
Heap:
 garbage-first heap   total 238592K, used 224152K [0x0000000080000000, 0x0000000100000000)
  region size 1024K, 85 young (87040K), 7 survivors (7168K)
 Metaspace       used 133845K, committed 136128K, reserved 1179648K
  class space    used 18958K, committed 20096K, reserved 1048576K
GC Heap History (20 events):
Event: 17.288 GC heap before
{Heap before GC invocations=37 (full 0):
 garbage-first heap   total 178176K, used 103386K [0x0000000080000000, 0x0000000100000000)
  region size 1024K, 17 young (17408K), 5 survivors (5120K)
 Metaspace       used 102773K, committed 104896K, reserved 1179648K
  class space    used 14197K, committed 15232K, reserved 1048576K
}
Event: 17.293 GC heap after
{Heap after GC invocations=38 (full 0):
 garbage-first heap   total 178176K, used 94474K [0x0000000080000000, 0x0000000100000000)
  region size 1024K, 6 young (6144K), 6 survivors (6144K)
 Metaspace       used 102773K, committed 104896K, reserved 1179648K
  class space    used 14197K, committed 15232K, reserved 1048576K
}
Event: 18.388 GC heap before
{Heap before GC invocations=39 (full 0):
 garbage-first heap   total 178176K, used 161034K [0x0000000080000000, 0x0000000100000000)
  region size 1024K, 67 young (68608K), 6 survivors (6144K)
 Metaspace       used 106713K, committed 108864K, reserved 1179648K
  class space    used 14563K, committed 15616K, reserved 1048576K
}
Event: 18.395 GC heap after
{Heap after GC invocations=40 (full 0):
 garbage-first heap   total 178176K, used 97523K [0x0000000080000000, 0x0000000100000000)
  region size 1024K, 7 young (7168K), 7 survivors (7168K)
 Metaspace       used 106713K, committed 108864K, reserved 1179648K
  class space    used 14563K, committed 15616K, reserved 1048576K
}
Event: 18.704 GC heap before
{Heap before GC invocations=40 (full 0):
 garbage-first heap   total 178176K, used 157939K [0x0000000080000000, 0x0000000100000000)
  region size 1024K, 67 young (68608K), 7 survivors (7168K)
 Metaspace       used 106771K, committed 108928K, reserved 1179648K
  class space    used 14567K, committed 15616K, reserved 1048576K
}
Event: 18.711 GC heap after
{Heap after GC invocations=41 (full 0):
 garbage-first heap   total 178176K, used 98877K [0x0000000080000000, 0x0000000100000000)
  region size 1024K, 5 young (5120K), 5 survivors (5120K)
 Metaspace       used 106771K, committed 108928K, reserved 1179648K
  class space    used 14567K, committed 15616K, reserved 1048576K
}
Event: 19.029 GC heap before
{Heap before GC invocations=41 (full 0):
 garbage-first heap   total 178176K, used 160317K [0x0000000080000000, 0x0000000100000000)
  region size 1024K, 66 young (67584K), 5 survivors (5120K)
 Metaspace       used 106884K, committed 109056K, reserved 1179648K
  class space    used 14578K, committed 15680K, reserved 1048576K
}
Event: 19.036 GC heap after
{Heap after GC invocations=42 (full 0):
 garbage-first heap   total 178176K, used 101179K [0x0000000080000000, 0x0000000100000000)
  region size 1024K, 8 young (8192K), 8 survivors (8192K)
 Metaspace       used 106884K, committed 109056K, reserved 1179648K
  class space    used 14578K, committed 15680K, reserved 1048576K
}
Event: 21.578 GC heap before
{Heap before GC invocations=43 (full 0):
 garbage-first heap   total 178176K, used 157499K [0x0000000080000000, 0x0000000100000000)
  region size 1024K, 64 young (65536K), 8 survivors (8192K)
 Metaspace       used 108820K, committed 110976K, reserved 1179648K
  class space    used 14803K, committed 15872K, reserved 1048576K
}
Event: 21.588 GC heap after
{Heap after GC invocations=44 (full 0):
 garbage-first heap   total 178176K, used 108166K [0x0000000080000000, 0x0000000100000000)
  region size 1024K, 7 young (7168K), 7 survivors (7168K)
 Metaspace       used 108820K, committed 110976K, reserved 1179648K
  class space    used 14803K, committed 15872K, reserved 1048576K
}
Event: 22.226 GC heap before
{Heap before GC invocations=44 (full 0):
 garbage-first heap   total 178176K, used 161414K [0x0000000080000000, 0x0000000100000000)
  region size 1024K, 58 young (59392K), 7 survivors (7168K)
 Metaspace       used 111879K, committed 114048K, reserved 1179648K
  class space    used 15239K, committed 16320K, reserved 1048576K
}
Event: 22.234 GC heap after
{Heap after GC invocations=45 (full 0):
 garbage-first heap   total 178176K, used 109490K [0x0000000080000000, 0x0000000100000000)
  region size 1024K, 6 young (6144K), 6 survivors (6144K)
 Metaspace       used 111879K, committed 114048K, reserved 1179648K
  class space    used 15239K, committed 16320K, reserved 1048576K
}
Event: 22.733 GC heap before
{Heap before GC invocations=45 (full 0):
 garbage-first heap   total 178176K, used 159666K [0x0000000080000000, 0x0000000100000000)
  region size 1024K, 56 young (57344K), 6 survivors (6144K)
 Metaspace       used 116911K, committed 119040K, reserved 1179648K
  class space    used 16169K, committed 17216K, reserved 1048576K
}
Event: 22.742 GC heap after
{Heap after GC invocations=46 (full 0):
 garbage-first heap   total 178176K, used 116947K [0x0000000080000000, 0x0000000100000000)
  region size 1024K, 7 young (7168K), 7 survivors (7168K)
 Metaspace       used 116911K, committed 119040K, reserved 1179648K
  class space    used 16169K, committed 17216K, reserved 1048576K
}
Event: 23.105 GC heap before
{Heap before GC invocations=47 (full 0):
 garbage-first heap   total 196608K, used 157907K [0x0000000080000000, 0x0000000100000000)
  region size 1024K, 48 young (49152K), 7 survivors (7168K)
 Metaspace       used 122333K, committed 124544K, reserved 1179648K
  class space    used 17215K, committed 18304K, reserved 1048576K
}
Event: 23.112 GC heap after
{Heap after GC invocations=48 (full 0):
 garbage-first heap   total 196608K, used 120090K [0x0000000080000000, 0x0000000100000000)
  region size 1024K, 3 young (3072K), 3 survivors (3072K)
 Metaspace       used 122333K, committed 124544K, reserved 1179648K
  class space    used 17215K, committed 18304K, reserved 1048576K
}
Event: 23.577 GC heap before
{Heap before GC invocations=48 (full 0):
 garbage-first heap   total 196608K, used 177434K [0x0000000080000000, 0x0000000100000000)
  region size 1024K, 60 young (61440K), 3 survivors (3072K)
 Metaspace       used 127995K, committed 130240K, reserved 1179648K
  class space    used 18194K, committed 19328K, reserved 1048576K
}
Event: 23.584 GC heap after
{Heap after GC invocations=49 (full 0):
 garbage-first heap   total 196608K, used 121058K [0x0000000080000000, 0x0000000100000000)
  region size 1024K, 5 young (5120K), 5 survivors (5120K)
 Metaspace       used 127995K, committed 130240K, reserved 1179648K
  class space    used 18194K, committed 19328K, reserved 1048576K
}
Event: 23.826 GC heap before
{Heap before GC invocations=49 (full 0):
 garbage-first heap   total 196608K, used 178402K [0x0000000080000000, 0x0000000100000000)
  region size 1024K, 62 young (63488K), 5 survivors (5120K)
 Metaspace       used 130575K, committed 132864K, reserved 1179648K
  class space    used 18552K, committed 19712K, reserved 1048576K
}
Event: 23.835 GC heap after
{Heap after GC invocations=50 (full 0):
 garbage-first heap   total 236544K, used 124824K [0x0000000080000000, 0x0000000100000000)
  region size 1024K, 7 young (7168K), 7 survivors (7168K)
 Metaspace       used 130575K, committed 132864K, reserved 1179648K
  class space    used 18552K, committed 19712K, reserved 1048576K
}

