# JRE version: OpenJDK Runtime Environment (21.0.6) (build 21.0.6+-13391695-b895.109)
# Java VM: OpenJDK 64-Bit Server VM (21.0.6+-13391695-b895.109, mixed mode, tiered, compressed oops, compressed class ptrs, g1 gc, windows-amd64)
GC Precious Log:
 CardTable entry size: 512
 Card Set container configuration: InlinePtr #cards 5 size 8 Array Of Cards #cards 12 size 40 Howl #buckets 4 coarsen threshold 1843 Howl Bitmap #cards 512 size 80 coarsen threshold 460 Card regions per heap region 1 cards per card region 2048
 CPUs: 12 total, 12 available
 Memory: 7549M
 Large Page Support: Disabled
 NUMA Support: Disabled
 Compressed Oops: Enabled (32-bit)
 Heap Region Size: 1M
 Heap Min Capacity: 8M
 Heap Initial Capacity: 118M
 Heap Max Capacity: 2G
 Pre-touch: Disabled
 Parallel Workers: 10
 Concurrent Workers: 3
 Concurrent Refinement Workers: 10
 Periodic GC: Disabled
Heap:
 garbage-first heap   total 305152K, used 298601K [0x0000000080000000, 0x0000000100000000)
  region size 1024K, 80 young (81920K), 2 survivors (2048K)
 Metaspace       used 151868K, committed 154176K, reserved 1245184K
  class space    used 21133K, committed 22272K, reserved 1048576K
GC Heap History (20 events):
Event: 29.175 GC heap after
{Heap after GC invocations=50 (full 0):
 garbage-first heap   total 235520K, used 116371K [0x0000000080000000, 0x0000000100000000)
  region size 1024K, 6 young (6144K), 6 survivors (6144K)
 Metaspace       used 128073K, committed 130304K, reserved 1179648K
  class space    used 18417K, committed 19520K, reserved 1048576K
}
Event: 29.735 GC heap before
{Heap before GC invocations=50 (full 0):
 garbage-first heap   total 235520K, used 144019K [0x0000000080000000, 0x0000000100000000)
  region size 1024K, 34 young (34816K), 6 survivors (6144K)
 Metaspace       used 130412K, committed 132736K, reserved 1179648K
  class space    used 18694K, committed 19840K, reserved 1048576K
}
Event: 29.744 GC heap after
{Heap after GC invocations=51 (full 0):
 garbage-first heap   total 235520K, used 119579K [0x0000000080000000, 0x0000000100000000)
  region size 1024K, 9 young (9216K), 9 survivors (9216K)
 Metaspace       used 130412K, committed 132736K, reserved 1179648K
  class space    used 18694K, committed 19840K, reserved 1048576K
}
Event: 117.838 GC heap before
{Heap before GC invocations=52 (full 0):
 garbage-first heap   total 266240K, used 263963K [0x0000000080000000, 0x0000000100000000)
  region size 1024K, 96 young (98304K), 9 survivors (9216K)
 Metaspace       used 133528K, committed 135872K, reserved 1179648K
  class space    used 19061K, committed 20224K, reserved 1048576K
}
Event: 117.892 GC heap after
{Heap after GC invocations=53 (full 0):
 garbage-first heap   total 279552K, used 123552K [0x0000000080000000, 0x0000000100000000)
  region size 1024K, 11 young (11264K), 11 survivors (11264K)
 Metaspace       used 133528K, committed 135872K, reserved 1179648K
  class space    used 19061K, committed 20224K, reserved 1048576K
}
Event: 157.526 GC heap before
{Heap before GC invocations=53 (full 0):
 garbage-first heap   total 279552K, used 250528K [0x0000000080000000, 0x0000000100000000)
  region size 1024K, 136 young (139264K), 11 survivors (11264K)
 Metaspace       used 134200K, committed 136448K, reserved 1179648K
  class space    used 19068K, committed 20224K, reserved 1048576K
}
Event: 157.547 GC heap after
{Heap after GC invocations=54 (full 0):
 garbage-first heap   total 279552K, used 125614K [0x0000000080000000, 0x0000000100000000)
  region size 1024K, 11 young (11264K), 11 survivors (11264K)
 Metaspace       used 134200K, committed 136448K, reserved 1179648K
  class space    used 19068K, committed 20224K, reserved 1048576K
}
Event: 205.406 GC heap before
{Heap before GC invocations=54 (full 0):
 garbage-first heap   total 279552K, used 250542K [0x0000000080000000, 0x0000000100000000)
  region size 1024K, 134 young (137216K), 11 survivors (11264K)
 Metaspace       used 134541K, committed 136768K, reserved 1179648K
  class space    used 19071K, committed 20224K, reserved 1048576K
}
Event: 205.436 GC heap after
{Heap after GC invocations=55 (full 0):
 garbage-first heap   total 279552K, used 127100K [0x0000000080000000, 0x0000000100000000)
  region size 1024K, 10 young (10240K), 10 survivors (10240K)
 Metaspace       used 134541K, committed 136768K, reserved 1179648K
  class space    used 19071K, committed 20224K, reserved 1048576K
}
Event: 433.966 GC heap before
{Heap before GC invocations=55 (full 0):
 garbage-first heap   total 279552K, used 253052K [0x0000000080000000, 0x0000000100000000)
  region size 1024K, 133 young (136192K), 10 survivors (10240K)
 Metaspace       used 135032K, committed 137280K, reserved 1179648K
  class space    used 19103K, committed 20224K, reserved 1048576K
}
Event: 434.021 GC heap after
{Heap after GC invocations=56 (full 0):
 garbage-first heap   total 279552K, used 127650K [0x0000000080000000, 0x0000000100000000)
  region size 1024K, 10 young (10240K), 10 survivors (10240K)
 Metaspace       used 135032K, committed 137280K, reserved 1179648K
  class space    used 19103K, committed 20224K, reserved 1048576K
}
Event: 439.337 GC heap before
{Heap before GC invocations=57 (full 0):
 garbage-first heap   total 279552K, used 251554K [0x0000000080000000, 0x0000000100000000)
  region size 1024K, 132 young (135168K), 10 survivors (10240K)
 Metaspace       used 138716K, committed 140992K, reserved 1179648K
  class space    used 19510K, committed 20672K, reserved 1048576K
}
Event: 439.366 GC heap after
{Heap after GC invocations=58 (full 0):
 garbage-first heap   total 279552K, used 137119K [0x0000000080000000, 0x0000000100000000)
  region size 1024K, 17 young (17408K), 17 survivors (17408K)
 Metaspace       used 138716K, committed 140992K, reserved 1179648K
  class space    used 19510K, committed 20672K, reserved 1048576K
}
Event: 440.923 GC heap before
{Heap before GC invocations=58 (full 0):
 garbage-first heap   total 279552K, used 251807K [0x0000000080000000, 0x0000000100000000)
  region size 1024K, 124 young (126976K), 17 survivors (17408K)
 Metaspace       used 147412K, committed 149760K, reserved 1179648K
  class space    used 20595K, committed 21760K, reserved 1048576K
}
Event: 440.955 GC heap after
{Heap after GC invocations=59 (full 0):
 garbage-first heap   total 292864K, used 156492K [0x0000000080000000, 0x0000000100000000)
  region size 1024K, 16 young (16384K), 16 survivors (16384K)
 Metaspace       used 147412K, committed 149760K, reserved 1179648K
  class space    used 20595K, committed 21760K, reserved 1048576K
}
Event: 441.670 GC heap before
{Heap before GC invocations=59 (full 0):
 garbage-first heap   total 292864K, used 192332K [0x0000000080000000, 0x0000000100000000)
  region size 1024K, 53 young (54272K), 16 survivors (16384K)
 Metaspace       used 150065K, committed 152384K, reserved 1179648K
  class space    used 20868K, committed 22016K, reserved 1048576K
}
Event: 441.682 GC heap after
{Heap after GC invocations=60 (full 0):
 garbage-first heap   total 292864K, used 153542K [0x0000000080000000, 0x0000000100000000)
  region size 1024K, 5 young (5120K), 5 survivors (5120K)
 Metaspace       used 150065K, committed 152384K, reserved 1179648K
  class space    used 20868K, committed 22016K, reserved 1048576K
}
Event: 441.984 GC heap before
{Heap before GC invocations=61 (full 0):
 garbage-first heap   total 292864K, used 257990K [0x0000000080000000, 0x0000000100000000)
  region size 1024K, 106 young (108544K), 5 survivors (5120K)
 Metaspace       used 150423K, committed 152768K, reserved 1179648K
  class space    used 20868K, committed 22016K, reserved 1048576K
}
Event: 441.993 GC heap after
{Heap after GC invocations=62 (full 0):
 garbage-first heap   total 292864K, used 161425K [0x0000000080000000, 0x0000000100000000)
  region size 1024K, 12 young (12288K), 12 survivors (12288K)
 Metaspace       used 150423K, committed 152768K, reserved 1179648K
  class space    used 20868K, committed 22016K, reserved 1048576K
}
Event: 443.123 GC heap before
{Heap before GC invocations=62 (full 0):
 garbage-first heap   total 299008K, used 297617K [0x0000000080000000, 0x0000000100000000)
  region size 1024K, 90 young (92160K), 12 survivors (12288K)
 Metaspace       used 151868K, committed 154176K, reserved 1245184K
  class space    used 21133K, committed 22272K, reserved 1048576K
}

